Info: Starting: Create block symbol file (.bsf)
Info: ip-generate --project-directory=C:/Courses/serial_interface_SOC/ --output-directory=C:/Courses/serial_interface_SOC/temp_interface/ --report-file=bsf:C:/Courses/serial_interface_SOC/sensors_intf.bsf --system-info=DEVICE_FAMILY="Cyclone IV E" --system-info=DEVICE=EP4CE22F17C6 --system-info=DEVICE_SPEEDGRADE=6 --component-file=C:/Courses/serial_interface_SOC/sensors_intf.qsys
Progress: Loading serial_interface_SOC/sensors_intf.qsys
Progress: Reading input file
Progress: Adding clk_50M [clock_source 12.0]
Progress: Parameterizing module clk_50M
Progress: Adding jtag_uart [altera_avalon_jtag_uart 12.0]
Progress: Parameterizing module jtag_uart
Progress: Adding nios2_qsys_0 [altera_nios2_qsys 12.0]
Progress: Parameterizing module nios2_qsys_0
Progress: Adding onchip_mem [altera_avalon_onchip_memory2 12.0]
Progress: Parameterizing module onchip_mem
Progress: Adding pio_GO [altera_avalon_pio 12.0]
Progress: Parameterizing module pio_GO
Progress: Adding spi_ADC [altera_avalon_spi 12.0]
Progress: Parameterizing module spi_ADC
Progress: Adding sysid_qsys_0 [altera_avalon_sysid_qsys 12.0]
Progress: Parameterizing module sysid_qsys_0
Progress: Adding temp_sensor2_0 [temp_sensor2 2.0]
Progress: Parameterizing module temp_sensor2_0
Progress: Building connections
Progress: Parameterizing connections
Progress: Validating
Progress: Done reading input file
Info: sensors_intf.onchip_mem: Memory will be initialized from onchip_mem.hex
Info: sensors_intf.pio_GO: PIO inputs are not hardwired in test bench. Undefined values will be read from PIO inputs during simulation.
Info: sensors_intf.sysid_qsys_0: System ID will no longer be automatically assigned.
Info: sensors_intf.sysid_qsys_0: Time stamp will be automatically updated when this component is generated.
Info: ip-generate succeeded.
Info: Finished: Create block symbol file (.bsf)
Info: 
Info: Starting: Create HDL design files for synthesis
Info: ip-generate --project-directory=C:/Courses/serial_interface_SOC/ --output-directory=C:/Courses/serial_interface_SOC/temp_interface/synthesis/ --file-set=QUARTUS_SYNTH --report-file=sopcinfo:C:/Courses/serial_interface_SOC/sensors_intf.sopcinfo --report-file=html:C:/Courses/serial_interface_SOC/sensors_intf.html --report-file=qip:C:/Courses/serial_interface_SOC/temp_interface/synthesis/sensors_intf.qip --system-info=DEVICE_FAMILY="Cyclone IV E" --system-info=DEVICE=EP4CE22F17C6 --system-info=DEVICE_SPEEDGRADE=6 --component-file=C:/Courses/serial_interface_SOC/sensors_intf.qsys
Progress: Loading serial_interface_SOC/sensors_intf.qsys
Progress: Reading input file
Progress: Adding clk_50M [clock_source 12.0]
Progress: Parameterizing module clk_50M
Progress: Adding jtag_uart [altera_avalon_jtag_uart 12.0]
Progress: Parameterizing module jtag_uart
Progress: Adding nios2_qsys_0 [altera_nios2_qsys 12.0]
Progress: Parameterizing module nios2_qsys_0
Progress: Adding onchip_mem [altera_avalon_onchip_memory2 12.0]
Progress: Parameterizing module onchip_mem
Progress: Adding pio_GO [altera_avalon_pio 12.0]
Progress: Parameterizing module pio_GO
Progress: Adding spi_ADC [altera_avalon_spi 12.0]
Progress: Parameterizing module spi_ADC
Progress: Adding sysid_qsys_0 [altera_avalon_sysid_qsys 12.0]
Progress: Parameterizing module sysid_qsys_0
Progress: Adding temp_sensor2_0 [temp_sensor2 2.0]
Progress: Parameterizing module temp_sensor2_0
Progress: Building connections
Progress: Parameterizing connections
Progress: Validating
Progress: Done reading input file
Info: sensors_intf.onchip_mem: Memory will be initialized from onchip_mem.hex
Info: sensors_intf.pio_GO: PIO inputs are not hardwired in test bench. Undefined values will be read from PIO inputs during simulation.
Info: sensors_intf.sysid_qsys_0: System ID will no longer be automatically assigned.
Info: sensors_intf.sysid_qsys_0: Time stamp will be automatically updated when this component is generated.
Info: sensors_intf: Generating sensors_intf "sensors_intf" for QUARTUS_SYNTH
Info: pipeline_bridge_swap_transform: After transform: 8 modules, 32 connections
Info: No custom instruction connections, skipping transform 
Info: merlin_translator_transform: After transform: 17 modules, 67 connections
Info: merlin_domain_transform: After transform: 34 modules, 178 connections
Info: merlin_router_transform: After transform: 43 modules, 213 connections
Info: merlin_traffic_limiter_transform: After transform: 44 modules, 218 connections
Info: merlin_burst_transform: After transform: 45 modules, 221 connections
Info: reset_adaptation_transform: After transform: 47 modules, 181 connections
Info: merlin_network_to_switch_transform: After transform: 64 modules, 217 connections
Info: merlin_width_transform: After transform: 66 modules, 223 connections
Info: limiter_update_transform: After transform: 66 modules, 224 connections
Info: merlin_interrupt_mapper_transform: After transform: 67 modules, 227 connections
Info: Starting classic module elaboration.
Qt: Untested Windows version 6.2 detected!
"c:/altera/12.0sp2/quartus/bin/jre/bin/java.exe" -Xmx512M -classpath "c:/altera/12.0sp2/quartus/sopc_builder/bin/sopc_builder.jar;c:/altera/12.0sp2/quartus/sopc_builder/bin/PinAssigner.jar;c:/altera/12.0sp2/quartus/sopc_builder/bin/sopc_wizard.jar;c:/altera/12.0sp2/quartus/sopc_builder/bin/jptf.jar" sopc_builder.sopc_builder  -d"c:/altera/12.0sp2/quartus/sopc_builder" -notalkback=1 -projectnameyysystem.qpf -projectpathC:/Users/Jacob/AppData/Local/Temp/alt6646_7782327450298833456.dir/0004_sopclgen  --no_splash --refresh C:/Users/Jacob/AppData/Local/Temp/alt6646_7782327450298833456.dir/0004_sopclgen/yysystem.v --quartus_dir="c:/altera/12.0sp2/quartus" --sopc_perl="c:/altera/12.0sp2/quartus/bin/perl" --sopc_lib_path="++c:/altera/12.0sp2/quartus/../ip/altera/sopc_builder_ip+c:/altera/12.0sp2/quartus/../ip/altera/nios2_ip"
Info: Finished elaborating classic module.
Executing: C:/altera/12.0sp2/quartus//sopc_builder/bin/sopc_builder --classic --generate C:/Users/Jacob/AppData/Local/Temp/alt6646_7782327450298833456.dir/0004_sopclgen/yysystem.ptf
Info: Running sopc_builder...
Qt: Untested Windows version 6.2 detected!
"c:/altera/12.0sp2/quartus/bin/jre/bin/java.exe" -Xmx512M -classpath "c:/altera/12.0sp2/quartus/sopc_builder/bin/sopc_builder.jar;c:/altera/12.0sp2/quartus/sopc_builder/bin/PinAssigner.jar;c:/altera/12.0sp2/quartus/sopc_builder/bin/sopc_wizard.jar;c:/altera/12.0sp2/quartus/sopc_builder/bin/jptf.jar" sopc_builder.sopc_builder  -d"c:/altera/12.0sp2/quartus/sopc_builder" -notalkback=1 -projectnameyysystem.qpf -projectpathC:/Users/Jacob/AppData/Local/Temp/alt6646_7782327450298833456.dir/0004_sopclgen  --generate C:/Users/Jacob/AppData/Local/Temp/alt6646_7782327450298833456.dir/0004_sopclgen/yysystem.v --quartus_dir="c:/altera/12.0sp2/quartus" --sopc_perl="c:/altera/12.0sp2/quartus/bin/perl" --sopc_lib_path="++c:/altera/12.0sp2/quartus/../ip/altera/sopc_builder_ip+c:/altera/12.0sp2/quartus/../ip/altera/nios2_ip"
No .sopc_builder configuration file(!)
.
# 2015.07.29 20:28:43 (*) Success: sopc_builder finished.
Info: jtag_uart: "sensors_intf" instantiated altera_avalon_jtag_uart "jtag_uart"
Info: nios2_qsys_0: Starting RTL generation for module 'sensors_intf_nios2_qsys_0'
Info: nios2_qsys_0:   Generation command is [exec C:/altera/12.0sp2/quartus/../ip/altera/nios2_ip/altera_nios2/eperl.exe -I C:/altera/12.0sp2/quartus/common/ip/altera/common/perl/5.8.3 -I C:/altera/12.0sp2/quartus/sopc_builder/bin/europa -I C:/altera/12.0sp2/quartus/sopc_builder/bin/perl_lib -I C:/altera/12.0sp2/quartus/sopc_builder/bin -I C:/altera/12.0sp2/quartus/../ip/altera/nios2_ip/altera_nios2/cpu_lib -I C:/altera/12.0sp2/quartus/../ip/altera/nios2_ip/altera_nios2/nios_lib -I C:/altera/12.0sp2/quartus/../ip/altera/nios2_ip/altera_nios2 -I C:/altera/12.0sp2/quartus/../ip/altera/nios2_ip/altera_nios2 -- C:/altera/12.0sp2/quartus/../ip/altera/nios2_ip/altera_nios2/generate_rtl.epl --name=sensors_intf_nios2_qsys_0 --dir=C:/Users/Jacob/AppData/Local/Temp/alt6646_7782327450298833456.dir/0005_nios2_qsys_0_gen/ --quartus_dir=C:/altera/12.0sp2/quartus --verilog --config=C:/Users/Jacob/AppData/Local/Temp/alt6646_7782327450298833456.dir/0005_nios2_qsys_0_gen//sensors_intf_nios2_qsys_0_processor_configuration.pl  --do_build_sim=0    --bogus  ]
Info: nios2_qsys_0: # 2015.07.29 20:28:44 (*) Starting Nios II generation
Info: nios2_qsys_0: # 2015.07.29 20:28:44 (*)   Checking for encrypted license (non-evaluation).
Info: nios2_qsys_0: # 2015.07.29 20:28:44 (*)   Couldn't query license setup in Quartus directory C:/altera/12.0sp2/quartus
Info: nios2_qsys_0: # 2015.07.29 20:28:44 (*)   Defaulting to contents of LM_LICENSE_FILE environment variable
Info: nios2_qsys_0: # 2015.07.29 20:28:44 (*)   LM_LICENSE_FILE environment variable is empty
Info: nios2_qsys_0: # 2015.07.29 20:28:44 (*)   Encrypted license not found.  Defaulting to OCP evaluation license (produces a time-limited SOF)
Info: nios2_qsys_0: # 2015.07.29 20:28:44 (*)   Elaborating CPU configuration settings
Info: nios2_qsys_0: # 2015.07.29 20:28:44 (*)   Creating all objects for CPU
Info: nios2_qsys_0: # 2015.07.29 20:28:45 (*)     Pipeline frontend
Info: nios2_qsys_0: # 2015.07.29 20:28:46 (*)   Generating RTL from CPU objects
Info: nios2_qsys_0: # 2015.07.29 20:28:47 (*)   Creating encrypted RTL
Info: nios2_qsys_0: # 2015.07.29 20:28:47 (*) Done Nios II generation
Info: nios2_qsys_0: Done RTL generation for module 'sensors_intf_nios2_qsys_0'
Info: nios2_qsys_0: "sensors_intf" instantiated altera_nios2_qsys "nios2_qsys_0"
Info: Starting classic module elaboration.
Qt: Untested Windows version 6.2 detected!
"c:/altera/12.0sp2/quartus/bin/jre/bin/java.exe" -Xmx512M -classpath "c:/altera/12.0sp2/quartus/sopc_builder/bin/sopc_builder.jar;c:/altera/12.0sp2/quartus/sopc_builder/bin/PinAssigner.jar;c:/altera/12.0sp2/quartus/sopc_builder/bin/sopc_wizard.jar;c:/altera/12.0sp2/quartus/sopc_builder/bin/jptf.jar" sopc_builder.sopc_builder  -d"c:/altera/12.0sp2/quartus/sopc_builder" -notalkback=1 -projectnameyysystem.qpf -projectpathC:/Users/Jacob/AppData/Local/Temp/alt6646_7782327450298833456.dir/0006_sopclgen  --no_splash --refresh C:/Users/Jacob/AppData/Local/Temp/alt6646_7782327450298833456.dir/0006_sopclgen/yysystem.v --quartus_dir="c:/altera/12.0sp2/quartus" --sopc_perl="c:/altera/12.0sp2/quartus/bin/perl" --sopc_lib_path="++c:/altera/12.0sp2/quartus/../ip/altera/sopc_builder_ip+c:/altera/12.0sp2/quartus/../ip/altera/nios2_ip"
Info: Finished elaborating classic module.
Executing: C:/altera/12.0sp2/quartus//sopc_builder/bin/sopc_builder --classic --generate C:/Users/Jacob/AppData/Local/Temp/alt6646_7782327450298833456.dir/0006_sopclgen/yysystem.ptf
Info: Running sopc_builder...
Qt: Untested Windows version 6.2 detected!
"c:/altera/12.0sp2/quartus/bin/jre/bin/java.exe" -Xmx512M -classpath "c:/altera/12.0sp2/quartus/sopc_builder/bin/sopc_builder.jar;c:/altera/12.0sp2/quartus/sopc_builder/bin/PinAssigner.jar;c:/altera/12.0sp2/quartus/sopc_builder/bin/sopc_wizard.jar;c:/altera/12.0sp2/quartus/sopc_builder/bin/jptf.jar" sopc_builder.sopc_builder  -d"c:/altera/12.0sp2/quartus/sopc_builder" -notalkback=1 -projectnameyysystem.qpf -projectpathC:/Users/Jacob/AppData/Local/Temp/alt6646_7782327450298833456.dir/0006_sopclgen  --generate C:/Users/Jacob/AppData/Local/Temp/alt6646_7782327450298833456.dir/0006_sopclgen/yysystem.v --quartus_dir="c:/altera/12.0sp2/quartus" --sopc_perl="c:/altera/12.0sp2/quartus/bin/perl" --sopc_lib_path="++c:/altera/12.0sp2/quartus/../ip/altera/sopc_builder_ip+c:/altera/12.0sp2/quartus/../ip/altera/nios2_ip"
No .sopc_builder configuration file(!)
.
# 2015.07.29 20:28:55 (*) Success: sopc_builder finished.
Info: onchip_mem: "sensors_intf" instantiated altera_avalon_onchip_memory2 "onchip_mem"
Info: Starting classic module elaboration.
Qt: Untested Windows version 6.2 detected!
"c:/altera/12.0sp2/quartus/bin/jre/bin/java.exe" -Xmx512M -classpath "c:/altera/12.0sp2/quartus/sopc_builder/bin/sopc_builder.jar;c:/altera/12.0sp2/quartus/sopc_builder/bin/PinAssigner.jar;c:/altera/12.0sp2/quartus/sopc_builder/bin/sopc_wizard.jar;c:/altera/12.0sp2/quartus/sopc_builder/bin/jptf.jar" sopc_builder.sopc_builder  -d"c:/altera/12.0sp2/quartus/sopc_builder" -notalkback=1 -projectnameyysystem.qpf -projectpathC:/Users/Jacob/AppData/Local/Temp/alt6646_7782327450298833456.dir/0007_sopclgen  --no_splash --refresh C:/Users/Jacob/AppData/Local/Temp/alt6646_7782327450298833456.dir/0007_sopclgen/yysystem.v --quartus_dir="c:/altera/12.0sp2/quartus" --sopc_perl="c:/altera/12.0sp2/quartus/bin/perl" --sopc_lib_path="++c:/altera/12.0sp2/quartus/../ip/altera/sopc_builder_ip+c:/altera/12.0sp2/quartus/../ip/altera/nios2_ip"
Info: Finished elaborating classic module.
Executing: C:/altera/12.0sp2/quartus//sopc_builder/bin/sopc_builder --classic --generate C:/Users/Jacob/AppData/Local/Temp/alt6646_7782327450298833456.dir/0007_sopclgen/yysystem.ptf
Info: Running sopc_builder...
Qt: Untested Windows version 6.2 detected!
"c:/altera/12.0sp2/quartus/bin/jre/bin/java.exe" -Xmx512M -classpath "c:/altera/12.0sp2/quartus/sopc_builder/bin/sopc_builder.jar;c:/altera/12.0sp2/quartus/sopc_builder/bin/PinAssigner.jar;c:/altera/12.0sp2/quartus/sopc_builder/bin/sopc_wizard.jar;c:/altera/12.0sp2/quartus/sopc_builder/bin/jptf.jar" sopc_builder.sopc_builder  -d"c:/altera/12.0sp2/quartus/sopc_builder" -notalkback=1 -projectnameyysystem.qpf -projectpathC:/Users/Jacob/AppData/Local/Temp/alt6646_7782327450298833456.dir/0007_sopclgen  --generate C:/Users/Jacob/AppData/Local/Temp/alt6646_7782327450298833456.dir/0007_sopclgen/yysystem.v --quartus_dir="c:/altera/12.0sp2/quartus" --sopc_perl="c:/altera/12.0sp2/quartus/bin/perl" --sopc_lib_path="++c:/altera/12.0sp2/quartus/../ip/altera/sopc_builder_ip+c:/altera/12.0sp2/quartus/../ip/altera/nios2_ip"
No .sopc_builder configuration file(!)
.
# 2015.07.29 20:29:03 (*) Success: sopc_builder finished.
Info: pio_GO: "sensors_intf" instantiated altera_avalon_pio "pio_GO"
Info: Starting classic module elaboration.
Qt: Untested Windows version 6.2 detected!
"c:/altera/12.0sp2/quartus/bin/jre/bin/java.exe" -Xmx512M -classpath "c:/altera/12.0sp2/quartus/sopc_builder/bin/sopc_builder.jar;c:/altera/12.0sp2/quartus/sopc_builder/bin/PinAssigner.jar;c:/altera/12.0sp2/quartus/sopc_builder/bin/sopc_wizard.jar;c:/altera/12.0sp2/quartus/sopc_builder/bin/jptf.jar" sopc_builder.sopc_builder  -d"c:/altera/12.0sp2/quartus/sopc_builder" -notalkback=1 -projectnameyysystem.qpf -projectpathC:/Users/Jacob/AppData/Local/Temp/alt6646_7782327450298833456.dir/0008_sopclgen  --no_splash --refresh C:/Users/Jacob/AppData/Local/Temp/alt6646_7782327450298833456.dir/0008_sopclgen/yysystem.v --quartus_dir="c:/altera/12.0sp2/quartus" --sopc_perl="c:/altera/12.0sp2/quartus/bin/perl" --sopc_lib_path="++c:/altera/12.0sp2/quartus/../ip/altera/sopc_builder_ip+c:/altera/12.0sp2/quartus/../ip/altera/nios2_ip"
Info: Finished elaborating classic module.
Executing: C:/altera/12.0sp2/quartus//sopc_builder/bin/sopc_builder --classic --generate C:/Users/Jacob/AppData/Local/Temp/alt6646_7782327450298833456.dir/0008_sopclgen/yysystem.ptf
Info: Running sopc_builder...
Qt: Untested Windows version 6.2 detected!
"c:/altera/12.0sp2/quartus/bin/jre/bin/java.exe" -Xmx512M -classpath "c:/altera/12.0sp2/quartus/sopc_builder/bin/sopc_builder.jar;c:/altera/12.0sp2/quartus/sopc_builder/bin/PinAssigner.jar;c:/altera/12.0sp2/quartus/sopc_builder/bin/sopc_wizard.jar;c:/altera/12.0sp2/quartus/sopc_builder/bin/jptf.jar" sopc_builder.sopc_builder  -d"c:/altera/12.0sp2/quartus/sopc_builder" -notalkback=1 -projectnameyysystem.qpf -projectpathC:/Users/Jacob/AppData/Local/Temp/alt6646_7782327450298833456.dir/0008_sopclgen  --generate C:/Users/Jacob/AppData/Local/Temp/alt6646_7782327450298833456.dir/0008_sopclgen/yysystem.v --quartus_dir="c:/altera/12.0sp2/quartus" --sopc_perl="c:/altera/12.0sp2/quartus/bin/perl" --sopc_lib_path="++c:/altera/12.0sp2/quartus/../ip/altera/sopc_builder_ip+c:/altera/12.0sp2/quartus/../ip/altera/nios2_ip"
No .sopc_builder configuration file(!)
.
# 2015.07.29 20:29:11 (*) Success: sopc_builder finished.
Info: spi_ADC: "sensors_intf" instantiated altera_avalon_spi "spi_ADC"
Info: sysid_qsys_0: "sensors_intf" instantiated altera_avalon_sysid_qsys "sysid_qsys_0"
Info: temp_sensor2_0: "sensors_intf" instantiated temp_sensor2 "temp_sensor2_0"
Info: nios2_qsys_0_data_master_translator: "sensors_intf" instantiated altera_merlin_master_translator "nios2_qsys_0_data_master_translator"
Info: jtag_uart_avalon_jtag_slave_translator: "sensors_intf" instantiated altera_merlin_slave_translator "jtag_uart_avalon_jtag_slave_translator"
Info: nios2_qsys_0_data_master_translator_avalon_universal_master_0_agent: "sensors_intf" instantiated altera_merlin_master_agent "nios2_qsys_0_data_master_translator_avalon_universal_master_0_agent"
Info: jtag_uart_avalon_jtag_slave_translator_avalon_universal_slave_0_agent: "sensors_intf" instantiated altera_merlin_slave_agent "jtag_uart_avalon_jtag_slave_translator_avalon_universal_slave_0_agent"
Info: jtag_uart_avalon_jtag_slave_translator_avalon_universal_slave_0_agent_rsp_fifo: "sensors_intf" instantiated altera_avalon_sc_fifo "jtag_uart_avalon_jtag_slave_translator_avalon_universal_slave_0_agent_rsp_fifo"
Info: addr_router: "sensors_intf" instantiated altera_merlin_router "addr_router"
Info: addr_router_001: "sensors_intf" instantiated altera_merlin_router "addr_router_001"
Info: id_router: "sensors_intf" instantiated altera_merlin_router "id_router"
Info: id_router_002: "sensors_intf" instantiated altera_merlin_router "id_router_002"
Info: id_router_006: "sensors_intf" instantiated altera_merlin_router "id_router_006"
Info: limiter: "sensors_intf" instantiated altera_merlin_traffic_limiter "limiter"
Info: burst_adapter: "sensors_intf" instantiated altera_merlin_burst_adapter "burst_adapter"
Info: rst_controller: "sensors_intf" instantiated altera_reset_controller "rst_controller"
Info: cmd_xbar_demux: "sensors_intf" instantiated altera_merlin_demultiplexer "cmd_xbar_demux"
Info: cmd_xbar_demux_001: "sensors_intf" instantiated altera_merlin_demultiplexer "cmd_xbar_demux_001"
Info: cmd_xbar_mux_002: "sensors_intf" instantiated altera_merlin_multiplexer "cmd_xbar_mux_002"
Info: rsp_xbar_demux: "sensors_intf" instantiated altera_merlin_demultiplexer "rsp_xbar_demux"
Info: rsp_xbar_demux_002: "sensors_intf" instantiated altera_merlin_demultiplexer "rsp_xbar_demux_002"
Info: rsp_xbar_mux: "sensors_intf" instantiated altera_merlin_multiplexer "rsp_xbar_mux"
Info: Reusing file C:/Courses/serial_interface_SOC/temp_interface/synthesis/submodules/altera_merlin_arbitrator.sv
Info: rsp_xbar_mux_001: "sensors_intf" instantiated altera_merlin_multiplexer "rsp_xbar_mux_001"
Info: Reusing file C:/Courses/serial_interface_SOC/temp_interface/synthesis/submodules/altera_merlin_arbitrator.sv
Info: width_adapter: "sensors_intf" instantiated altera_merlin_width_adapter "width_adapter"
Info: Reusing file C:/Courses/serial_interface_SOC/temp_interface/synthesis/submodules/altera_merlin_burst_uncompressor.sv
Info: irq_mapper: "sensors_intf" instantiated altera_irq_mapper "irq_mapper"
Info: sensors_intf: Done sensors_intf" with 30 modules, 93 files, 1977646 bytes
Info: ip-generate succeeded.
Info: Finished: Create HDL design files for synthesis
